{"level":"info","message":"Scheduling cron job with expression: 30 7 * * *","timestamp":"2025-02-17 11:37:48"}
{"level":"info","message":"All cron jobs scheduled successfully.","timestamp":"2025-02-17 11:37:48"}
{"level":"info","message":"Connected to the database.","timestamp":"2025-02-17 11:37:49"}
{"level":"info","message":"Starting database seeding...","timestamp":"2025-02-17 11:37:49"}
{"level":"info","message":"Bank data seeded successfully.","timestamp":"2025-02-17 11:37:49"}
{"level":"info","message":"Property types and sub-types seeded successfully.","timestamp":"2025-02-17 11:37:49"}
{"level":"info","message":"States seeded successfully.","timestamp":"2025-02-17 11:37:49"}
{"level":"warn","message":"State \"Puducherry (UT)\" not found in the database. Skipping.","timestamp":"2025-02-17 11:37:49"}
{"level":"info","message":"All cities seeded successfully.","timestamp":"2025-02-17 11:37:49"}
{"level":"info","message":"Admin user seeded successfully.","timestamp":"2025-02-17 11:37:49"}
{"level":"info","message":"Starting gold price scraping...","timestamp":"2025-02-17 11:37:49"}
{"level":"info","message":"Today's date: 2025-02-17","timestamp":"2025-02-17 11:37:49"}
{"level":"info","message":"Last updated date: undefined","timestamp":"2025-02-17 11:37:49"}
{"level":"info","message":"Gold prices updated successfully.","timestamp":"2025-02-17 11:38:25"}
{"level":"info","message":"Checking if areaPrices collection is empty...","timestamp":"2025-02-17 11:38:25"}
{"level":"info","message":"Found scraped_data.json. Loading data...","timestamp":"2025-02-17 11:38:25"}
{"level":"info","message":"Parsed data: 1023 records found.","timestamp":"2025-02-17 11:38:25"}
{"level":"info","message":"Successfully loaded 1023 new records into the database.","timestamp":"2025-02-17 11:38:34"}
{"level":"info","message":"Database seeding completed.","timestamp":"2025-02-17 11:38:34"}
{"level":"info","message":"App listening at http://192.168.29.32:4100","timestamp":"2025-02-17 11:38:34"}
{"level":"info","message":"Scheduling cron job with expression: 30 7 * * *","timestamp":"2025-02-17 11:48:12"}
{"level":"info","message":"All cron jobs scheduled successfully.","timestamp":"2025-02-17 11:48:12"}
{"level":"info","message":"Connected to the database.","timestamp":"2025-02-17 11:48:12"}
{"level":"info","message":"Starting database seeding...","timestamp":"2025-02-17 11:48:12"}
{"level":"info","message":"Starting gold price scraping...","timestamp":"2025-02-17 11:48:12"}
{"level":"info","message":"Today's date: 2025-02-17","timestamp":"2025-02-17 11:48:12"}
{"level":"info","message":"Last updated date: 2025-02-17","timestamp":"2025-02-17 11:48:12"}
{"level":"info","message":"Gold prices are already up-to-date for today. Skipping update.","timestamp":"2025-02-17 11:48:12"}
{"level":"info","message":"Checking if areaPrices collection is empty...","timestamp":"2025-02-17 11:48:12"}
{"level":"info","message":"areaPrices collection already has data. Skipping data load.","timestamp":"2025-02-17 11:48:12"}
{"level":"info","message":"Database seeding completed.","timestamp":"2025-02-17 11:48:12"}
{"level":"info","message":"App listening at http://192.168.29.32:4100","timestamp":"2025-02-17 11:48:12"}
{"level":"info","message":"Scheduling cron job with expression: 30 7 * * *","timestamp":"2025-02-17 11:50:16"}
{"level":"info","message":"All cron jobs scheduled successfully.","timestamp":"2025-02-17 11:50:16"}
{"level":"info","message":"Connected to the database.","timestamp":"2025-02-17 11:50:16"}
{"level":"info","message":"Starting database seeding...","timestamp":"2025-02-17 11:50:16"}
{"level":"info","message":"Starting gold price scraping...","timestamp":"2025-02-17 11:50:16"}
{"level":"info","message":"Today's date: 2025-02-17","timestamp":"2025-02-17 11:50:16"}
{"level":"info","message":"Last updated date: 2025-02-17","timestamp":"2025-02-17 11:50:16"}
{"level":"info","message":"Gold prices are already up-to-date for today. Skipping update.","timestamp":"2025-02-17 11:50:16"}
{"level":"info","message":"Checking if areaPrices collection is empty...","timestamp":"2025-02-17 11:50:16"}
{"level":"info","message":"areaPrices collection already has data. Skipping data load.","timestamp":"2025-02-17 11:50:16"}
{"level":"info","message":"Database seeding completed.","timestamp":"2025-02-17 11:50:16"}
{"level":"info","message":"App listening at http://192.168.29.32:4100","timestamp":"2025-02-17 11:50:16"}
{"level":"info","message":"Scheduling cron job with expression: 30 7 * * *","timestamp":"2025-02-17 11:50:56"}
{"level":"info","message":"All cron jobs scheduled successfully.","timestamp":"2025-02-17 11:50:56"}
{"level":"info","message":"Connected to the database.","timestamp":"2025-02-17 11:50:56"}
{"level":"info","message":"Starting database seeding...","timestamp":"2025-02-17 11:50:56"}
{"level":"info","message":"Starting gold price scraping...","timestamp":"2025-02-17 11:50:56"}
{"level":"info","message":"Today's date: 2025-02-17","timestamp":"2025-02-17 11:50:56"}
{"level":"info","message":"Last updated date: 2025-02-17","timestamp":"2025-02-17 11:50:56"}
{"level":"info","message":"Gold prices are already up-to-date for today. Skipping update.","timestamp":"2025-02-17 11:50:56"}
{"level":"info","message":"Checking if areaPrices collection is empty...","timestamp":"2025-02-17 11:50:56"}
{"level":"info","message":"areaPrices collection already has data. Skipping data load.","timestamp":"2025-02-17 11:50:56"}
{"level":"info","message":"Database seeding completed.","timestamp":"2025-02-17 11:50:56"}
{"level":"info","message":"App listening at http://192.168.29.32:4100","timestamp":"2025-02-17 11:50:56"}
{"level":"info","message":"Scheduling cron job with expression: 30 7 * * *","timestamp":"2025-02-17 11:51:20"}
{"level":"info","message":"All cron jobs scheduled successfully.","timestamp":"2025-02-17 11:51:20"}
{"level":"info","message":"Connected to the database.","timestamp":"2025-02-17 11:51:20"}
{"level":"info","message":"Starting database seeding...","timestamp":"2025-02-17 11:51:20"}
{"level":"info","message":"Starting gold price scraping...","timestamp":"2025-02-17 11:51:21"}
{"level":"info","message":"Today's date: 2025-02-17","timestamp":"2025-02-17 11:51:21"}
{"level":"info","message":"Last updated date: 2025-02-17","timestamp":"2025-02-17 11:51:21"}
{"level":"info","message":"Gold prices are already up-to-date for today. Skipping update.","timestamp":"2025-02-17 11:51:21"}
{"level":"info","message":"Checking if areaPrices collection is empty...","timestamp":"2025-02-17 11:51:21"}
{"level":"info","message":"areaPrices collection already has data. Skipping data load.","timestamp":"2025-02-17 11:51:21"}
{"level":"info","message":"Database seeding completed.","timestamp":"2025-02-17 11:51:21"}
{"level":"info","message":"App listening at http://192.168.29.32:4200","timestamp":"2025-02-17 11:51:21"}
{"level":"info","message":"Scheduling cron job with expression: 30 7 * * *","timestamp":"2025-02-17 11:54:28"}
{"level":"info","message":"All cron jobs scheduled successfully.","timestamp":"2025-02-17 11:54:28"}
{"level":"info","message":"Connected to the database.","timestamp":"2025-02-17 11:54:28"}
{"level":"info","message":"Starting database seeding...","timestamp":"2025-02-17 11:54:28"}
{"level":"info","message":"Starting gold price scraping...","timestamp":"2025-02-17 11:54:28"}
{"level":"info","message":"Today's date: 2025-02-17","timestamp":"2025-02-17 11:54:28"}
{"level":"info","message":"Last updated date: 2025-02-17","timestamp":"2025-02-17 11:54:28"}
{"level":"info","message":"Gold prices are already up-to-date for today. Skipping update.","timestamp":"2025-02-17 11:54:28"}
{"level":"info","message":"Checking if areaPrices collection is empty...","timestamp":"2025-02-17 11:54:28"}
{"level":"info","message":"areaPrices collection already has data. Skipping data load.","timestamp":"2025-02-17 11:54:28"}
{"level":"info","message":"Database seeding completed.","timestamp":"2025-02-17 11:54:28"}
{"level":"info","message":"App listening at http://192.168.29.32:4200","timestamp":"2025-02-17 11:54:28"}
{"level":"info","message":"Scheduling cron job with expression: 30 7 * * *","timestamp":"2025-02-17 11:55:57"}
{"level":"info","message":"All cron jobs scheduled successfully.","timestamp":"2025-02-17 11:55:57"}
{"level":"info","message":"Connected to the database.","timestamp":"2025-02-17 11:55:57"}
{"level":"info","message":"Starting database seeding...","timestamp":"2025-02-17 11:55:57"}
{"level":"info","message":"Starting gold price scraping...","timestamp":"2025-02-17 11:55:58"}
{"level":"info","message":"Today's date: 2025-02-17","timestamp":"2025-02-17 11:55:58"}
{"level":"info","message":"Last updated date: 2025-02-17","timestamp":"2025-02-17 11:55:58"}
{"level":"info","message":"Gold prices are already up-to-date for today. Skipping update.","timestamp":"2025-02-17 11:55:58"}
{"level":"info","message":"Checking if areaPrices collection is empty...","timestamp":"2025-02-17 11:55:58"}
{"level":"info","message":"areaPrices collection already has data. Skipping data load.","timestamp":"2025-02-17 11:55:58"}
{"level":"info","message":"Database seeding completed.","timestamp":"2025-02-17 11:55:58"}
{"level":"info","message":"App listening at http://192.168.29.32:4200","timestamp":"2025-02-17 11:55:58"}
{"level":"info","message":"Scheduling cron job with expression: 30 7 * * *","timestamp":"2025-02-17 12:09:12"}
{"level":"info","message":"All cron jobs scheduled successfully.","timestamp":"2025-02-17 12:09:12"}
{"level":"info","message":"Connected to the database.","timestamp":"2025-02-17 12:09:12"}
{"level":"info","message":"Starting database seeding...","timestamp":"2025-02-17 12:09:12"}
{"level":"info","message":"Starting gold price scraping...","timestamp":"2025-02-17 12:09:13"}
{"level":"info","message":"Today's date: 2025-02-17","timestamp":"2025-02-17 12:09:13"}
{"level":"info","message":"Last updated date: 2025-02-17","timestamp":"2025-02-17 12:09:13"}
{"level":"info","message":"Gold prices are already up-to-date for today. Skipping update.","timestamp":"2025-02-17 12:09:13"}
{"level":"info","message":"Checking if areaPrices collection is empty...","timestamp":"2025-02-17 12:09:13"}
{"level":"info","message":"areaPrices collection already has data. Skipping data load.","timestamp":"2025-02-17 12:09:13"}
{"level":"info","message":"Database seeding completed.","timestamp":"2025-02-17 12:09:13"}
{"level":"info","message":"App listening at http://192.168.29.32:4200","timestamp":"2025-02-17 12:09:13"}
{"level":"info","message":"Scheduling cron job with expression: 30 7 * * *","timestamp":"2025-02-17 12:11:31"}
{"level":"info","message":"All cron jobs scheduled successfully.","timestamp":"2025-02-17 12:11:31"}
{"level":"info","message":"Connected to the database.","timestamp":"2025-02-17 12:11:31"}
{"level":"info","message":"Starting database seeding...","timestamp":"2025-02-17 12:11:31"}
{"level":"info","message":"Starting gold price scraping...","timestamp":"2025-02-17 12:11:31"}
{"level":"info","message":"Today's date: 2025-02-17","timestamp":"2025-02-17 12:11:31"}
{"level":"info","message":"Last updated date: 2025-02-17","timestamp":"2025-02-17 12:11:31"}
{"level":"info","message":"Gold prices are already up-to-date for today. Skipping update.","timestamp":"2025-02-17 12:11:31"}
{"level":"info","message":"Checking if areaPrices collection is empty...","timestamp":"2025-02-17 12:11:31"}
{"level":"info","message":"areaPrices collection already has data. Skipping data load.","timestamp":"2025-02-17 12:11:31"}
{"level":"info","message":"Database seeding completed.","timestamp":"2025-02-17 12:11:31"}
{"level":"info","message":"App listening at http://192.168.29.32:4200","timestamp":"2025-02-17 12:11:31"}
{"level":"info","message":"Connected to the database.","timestamp":"2025-03-30 10:27:08"}
{"level":"info","message":"Starting database seeding...","timestamp":"2025-03-30 10:27:08"}
{"level":"error","message":"Error inserting admin user: UserModel is not defined","timestamp":"2025-03-30 10:27:08"}
{"level":"info","message":"Database seeding completed.","timestamp":"2025-03-30 10:27:08"}
{"level":"info","message":"App listening at http://localhost:4200","timestamp":"2025-03-30 10:27:08"}
{"level":"info","message":"Connected to the database.","timestamp":"2025-03-30 10:27:41"}
{"level":"info","message":"Starting database seeding...","timestamp":"2025-03-30 10:27:41"}
{"level":"info","message":"Database seeding completed.","timestamp":"2025-03-30 10:27:41"}
{"level":"info","message":"App listening at http://localhost:4200","timestamp":"2025-03-30 10:27:41"}
{"level":"info","message":"Connected to the database.","timestamp":"2025-03-30 10:28:19"}
{"level":"info","message":"Starting database seeding...","timestamp":"2025-03-30 10:28:19"}
{"level":"info","message":"Admin added succesfully","timestamp":"2025-03-30 10:28:19"}
{"level":"info","message":"App listening at http://localhost:4200","timestamp":"2025-03-30 10:28:19"}
{"level":"info","message":"Connected to the database.","timestamp":"2025-03-30 10:29:27"}
{"level":"info","message":"Starting database seeding...","timestamp":"2025-03-30 10:29:27"}
{"level":"info","message":"Admin added succesfully","timestamp":"2025-03-30 10:29:27"}
{"level":"info","message":"App listening at http://localhost:4200","timestamp":"2025-03-30 10:29:27"}
{"level":"info","message":"Connected to the database.","timestamp":"2025-03-30 10:29:54"}
{"level":"info","message":"Starting database seeding...","timestamp":"2025-03-30 10:29:54"}
{"level":"info","message":"Admin added succesfully","timestamp":"2025-03-30 10:29:54"}
{"level":"info","message":"App listening at http://localhost:4200","timestamp":"2025-03-30 10:29:54"}
{"level":"info","message":"Connected to the database.","timestamp":"2025-03-30 10:30:15"}
{"level":"info","message":"Starting database seeding...","timestamp":"2025-03-30 10:30:15"}
{"level":"info","message":"Admin added succesfully","timestamp":"2025-03-30 10:30:15"}
{"level":"info","message":"App listening at http://localhost:4200","timestamp":"2025-03-30 10:30:15"}
{"level":"error","message":"Error registering user: phoneNo is not defined","timestamp":"2025-03-30 10:30:22"}
{"level":"info","message":"Connected to the database.","timestamp":"2025-03-30 10:30:34"}
{"level":"info","message":"Starting database seeding...","timestamp":"2025-03-30 10:30:34"}
{"level":"info","message":"Admin added succesfully","timestamp":"2025-03-30 10:30:35"}
{"level":"info","message":"App listening at http://localhost:4200","timestamp":"2025-03-30 10:30:35"}
{"level":"info","message":"Connected to the database.","timestamp":"2025-03-30 10:30:42"}
{"level":"info","message":"Starting database seeding...","timestamp":"2025-03-30 10:30:42"}
{"level":"info","message":"Admin added succesfully","timestamp":"2025-03-30 10:30:42"}
{"level":"info","message":"App listening at http://localhost:4200","timestamp":"2025-03-30 10:30:42"}
{"level":"error","message":"Error registering user: E11000 duplicate key error collection: investment.users index: phoneNo_1 dup key: { phoneNo: null }","timestamp":"2025-03-30 10:30:46"}
{"level":"info","message":"Connected to the database.","timestamp":"2025-03-30 10:31:41"}
{"level":"info","message":"Starting database seeding...","timestamp":"2025-03-30 10:31:41"}
{"level":"info","message":"Admin user seeded successfully.","timestamp":"2025-03-30 10:31:42"}
{"level":"info","message":"Admin added succesfully","timestamp":"2025-03-30 10:31:42"}
{"level":"info","message":"App listening at http://localhost:4200","timestamp":"2025-03-30 10:31:42"}
{"level":"info","message":"Connected to the database.","timestamp":"2025-03-30 10:32:43"}
{"level":"info","message":"Starting database seeding...","timestamp":"2025-03-30 10:32:43"}
{"level":"info","message":"Admin added succesfully","timestamp":"2025-03-30 10:32:43"}
{"level":"info","message":"App listening at http://localhost:4200","timestamp":"2025-03-30 10:32:43"}
{"level":"info","message":"Connected to the database.","timestamp":"2025-03-30 10:43:37"}
{"level":"info","message":"Starting database seeding...","timestamp":"2025-03-30 10:43:37"}
{"level":"info","message":"Admin added succesfully","timestamp":"2025-03-30 10:43:37"}
{"level":"info","message":"App listening at http://localhost:4200","timestamp":"2025-03-30 10:43:37"}
{"level":"info","message":"Connected to the database.","timestamp":"2025-04-04 23:54:01"}
{"level":"info","message":"Starting database seeding...","timestamp":"2025-04-04 23:54:01"}
{"level":"info","message":"Admin added succesfully","timestamp":"2025-04-04 23:54:01"}
{"level":"info","message":"App listening at http://localhost:4200","timestamp":"2025-04-04 23:54:01"}
{"level":"info","message":"Connected to the database.","timestamp":"2025-04-04 23:54:51"}
{"level":"info","message":"Starting database seeding...","timestamp":"2025-04-04 23:54:51"}
{"level":"info","message":"Admin added succesfully","timestamp":"2025-04-04 23:54:51"}
{"level":"info","message":"App listening at http://localhost:4200","timestamp":"2025-04-04 23:54:51"}
{"level":"info","message":"Connected to the database.","timestamp":"2025-04-04 23:55:02"}
{"level":"info","message":"Starting database seeding...","timestamp":"2025-04-04 23:55:02"}
{"level":"info","message":"Admin added succesfully","timestamp":"2025-04-04 23:55:02"}
{"level":"info","message":"App listening at http://localhost:4200","timestamp":"2025-04-04 23:55:02"}
{"level":"info","message":"Connected to the database.","timestamp":"2025-04-04 23:55:10"}
{"level":"info","message":"Starting database seeding...","timestamp":"2025-04-04 23:55:10"}
{"level":"info","message":"Admin added succesfully","timestamp":"2025-04-04 23:55:10"}
{"level":"info","message":"App listening at http://localhost:4200","timestamp":"2025-04-04 23:55:10"}
{"level":"info","message":"Connected to the database.","timestamp":"2025-04-04 23:55:17"}
{"level":"info","message":"Starting database seeding...","timestamp":"2025-04-04 23:55:17"}
{"level":"info","message":"Admin added succesfully","timestamp":"2025-04-04 23:55:17"}
{"level":"info","message":"App listening at http://localhost:4200","timestamp":"2025-04-04 23:55:17"}
{"level":"info","message":"Connected to the database.","timestamp":"2025-04-04 23:55:28"}
{"level":"info","message":"Starting database seeding...","timestamp":"2025-04-04 23:55:28"}
{"level":"info","message":"Admin added succesfully","timestamp":"2025-04-04 23:55:28"}
{"level":"info","message":"App listening at http://localhost:4200","timestamp":"2025-04-04 23:55:28"}
{"level":"info","message":"Connected to the database.","timestamp":"2025-04-04 23:55:38"}
{"level":"info","message":"Starting database seeding...","timestamp":"2025-04-04 23:55:38"}
{"level":"info","message":"Admin added succesfully","timestamp":"2025-04-04 23:55:38"}
{"level":"info","message":"App listening at http://localhost:4200","timestamp":"2025-04-04 23:55:38"}
{"level":"info","message":"Connected to the database.","timestamp":"2025-04-04 23:55:48"}
{"level":"info","message":"Starting database seeding...","timestamp":"2025-04-04 23:55:48"}
{"level":"info","message":"Admin added succesfully","timestamp":"2025-04-04 23:55:48"}
{"level":"info","message":"App listening at http://localhost:4200","timestamp":"2025-04-04 23:55:48"}
{"level":"info","message":"Connected to the database.","timestamp":"2025-04-04 23:56:04"}
{"level":"info","message":"Starting database seeding...","timestamp":"2025-04-04 23:56:04"}
{"level":"info","message":"Admin added succesfully","timestamp":"2025-04-04 23:56:05"}
{"level":"info","message":"App listening at http://localhost:4200","timestamp":"2025-04-04 23:56:05"}
{"level":"info","message":"Connected to the database.","timestamp":"2025-04-05 07:38:30"}
{"level":"info","message":"Starting database seeding...","timestamp":"2025-04-05 07:38:30"}
{"level":"info","message":"Admin added succesfully","timestamp":"2025-04-05 07:38:31"}
{"level":"info","message":"App listening at http://localhost:4200","timestamp":"2025-04-05 07:38:31"}
{"level":"info","message":"Connected to the database.","timestamp":"2025-04-05 07:48:03"}
{"level":"info","message":"Starting database seeding...","timestamp":"2025-04-05 07:48:03"}
{"level":"info","message":"Admin added succesfully","timestamp":"2025-04-05 07:48:03"}
{"level":"info","message":"App listening at http://localhost:4200","timestamp":"2025-04-05 07:48:03"}
{"level":"info","message":"Connected to the database.","timestamp":"2025-04-05 07:48:44"}
{"level":"info","message":"Starting database seeding...","timestamp":"2025-04-05 07:48:44"}
{"level":"info","message":"Admin added succesfully","timestamp":"2025-04-05 07:48:44"}
{"level":"info","message":"App listening at http://localhost:4200","timestamp":"2025-04-05 07:48:44"}
{"level":"info","message":"Connected to the database.","timestamp":"2025-04-05 07:49:09"}
{"level":"info","message":"Starting database seeding...","timestamp":"2025-04-05 07:49:09"}
{"level":"info","message":"Admin added succesfully","timestamp":"2025-04-05 07:49:09"}
{"level":"info","message":"App listening at http://localhost:4200","timestamp":"2025-04-05 07:49:09"}
{"level":"info","message":"Connected to the database.","timestamp":"2025-04-05 07:49:12"}
{"level":"info","message":"Starting database seeding...","timestamp":"2025-04-05 07:49:12"}
{"level":"info","message":"Admin added succesfully","timestamp":"2025-04-05 07:49:12"}
{"level":"info","message":"App listening at http://localhost:4200","timestamp":"2025-04-05 07:49:12"}
{"level":"info","message":"Connected to the database.","timestamp":"2025-04-05 07:50:57"}
{"level":"info","message":"Starting database seeding...","timestamp":"2025-04-05 07:50:57"}
{"level":"info","message":"Admin added succesfully","timestamp":"2025-04-05 07:50:57"}
{"level":"info","message":"App listening at http://localhost:4200","timestamp":"2025-04-05 07:50:57"}
{"level":"info","message":"Connected to the database.","timestamp":"2025-04-05 07:51:18"}
{"level":"info","message":"Starting database seeding...","timestamp":"2025-04-05 07:51:18"}
{"level":"info","message":"Admin added succesfully","timestamp":"2025-04-05 07:51:18"}
{"level":"info","message":"App listening at http://localhost:4200","timestamp":"2025-04-05 07:51:18"}
{"level":"info","message":"Connected to the database.","timestamp":"2025-04-05 07:51:21"}
{"level":"info","message":"Starting database seeding...","timestamp":"2025-04-05 07:51:21"}
{"level":"info","message":"Admin added succesfully","timestamp":"2025-04-05 07:51:21"}
{"level":"info","message":"App listening at http://localhost:4200","timestamp":"2025-04-05 07:51:21"}
{"level":"info","message":"Connected to the database.","timestamp":"2025-04-05 07:51:50"}
{"level":"info","message":"Starting database seeding...","timestamp":"2025-04-05 07:51:50"}
{"level":"info","message":"Admin added succesfully","timestamp":"2025-04-05 07:51:50"}
{"level":"info","message":"App listening at http://localhost:4200","timestamp":"2025-04-05 07:51:50"}
{"level":"info","message":"Connected to the database.","timestamp":"2025-04-05 07:55:47"}
{"level":"info","message":"Starting database seeding...","timestamp":"2025-04-05 07:55:47"}
{"level":"info","message":"Admin added succesfully","timestamp":"2025-04-05 07:55:47"}
{"level":"info","message":"App listening at http://localhost:4200","timestamp":"2025-04-05 07:55:47"}
{"level":"info","message":"Connected to the database.","timestamp":"2025-04-05 07:56:39"}
{"level":"info","message":"Starting database seeding...","timestamp":"2025-04-05 07:56:39"}
{"level":"info","message":"Admin added succesfully","timestamp":"2025-04-05 07:56:39"}
{"level":"info","message":"App listening at http://localhost:4200","timestamp":"2025-04-05 07:56:39"}
{"level":"info","message":"Connected to the database.","timestamp":"2025-04-05 07:56:59"}
{"level":"info","message":"Starting database seeding...","timestamp":"2025-04-05 07:56:59"}
{"level":"info","message":"Admin added succesfully","timestamp":"2025-04-05 07:56:59"}
{"level":"info","message":"App listening at http://localhost:4200","timestamp":"2025-04-05 07:56:59"}
{"level":"info","message":"Starting database seeding...","timestamp":"2025-04-05 07:57:27"}
{"level":"info","message":"Admin added succesfully","timestamp":"2025-04-05 07:57:27"}
{"level":"info","message":"App listening at http://localhost:4200","timestamp":"2025-04-05 07:57:27"}
{"level":"info","message":"Starting database seeding...","timestamp":"2025-04-05 07:57:36"}
{"level":"info","message":"Admin added succesfully","timestamp":"2025-04-05 07:57:36"}
{"level":"info","message":"App listening at http://localhost:4200","timestamp":"2025-04-05 07:57:36"}
{"level":"info","message":"Admin added succesfully","timestamp":"2025-04-05 07:57:49"}
{"level":"info","message":"App listening at http://localhost:4200","timestamp":"2025-04-05 07:57:49"}
{"level":"info","message":"App listening at http://localhost:4200","timestamp":"2025-04-05 07:57:57"}
{"level":"info","message":"App listening at http://localhost:4200","timestamp":"2025-04-05 07:58:05"}
{"level":"error","message":"Error adding product: Unexpected end of JSON input","timestamp":"2025-04-05 17:57:59"}
{"level":"error","message":"Error adding product: Product validation failed: category: `TV` is not a valid enum value for path `category`.","timestamp":"2025-04-05 17:58:04"}
{"level":"error","message":"Error updating product: Unexpected end of JSON input","timestamp":"2025-04-06 09:22:09"}
{"level":"error","message":"Error updating product: Unexpected end of JSON input","timestamp":"2025-04-06 09:23:02"}
